<?xml version='1.0'?>
<ns2:test-suite xmlns:ns2='urn:model.allure.qatools.yandex.ru' start='1644231922506' stop='1644231942322'>
    <name>User want to test demotours</name>
    <title>User want to test demotours</title>
    <test-cases>
        <test-case start='1644231922531' status='broken' stop='1644231932263'>
            <name>User wants to register in the site</name>
            <title>User wants to register in the site</title>
            <labels>
                <label name='language' value='javascript'/>
                <label name='framework' value='wdio'/>
                <label name='thread' value='0-0'/>
            </labels>
            <parameters>
                <parameter kind='argument' name='browser' value='chrome-97.0.4692.99'/>
            </parameters>
            <steps>
                <step start='1644231922534' status='passed' stop='1644231931001'>
                    <name>Given User is on Home page of new tours</name>
                    <title>Given User is on Home page of new tours</title>
                    <attachments>
                        <attachment title='Screenshot' source='a181a3c1-2267-4ecd-b21f-3b8d62290fe1-attachment.png' type='image/png' size='157867'/>
                    </attachments>
                    <steps>
                        <step start='1644231928310' status='passed' stop='1644231928310'>
                            <name>maximizing window</name>
                            <title>maximizing window</title>
                            <attachments/>
                            <steps/>
                        </step>
                        <step start='1644231930722' status='passed' stop='1644231930722'>
                            <name>loading the link</name>
                            <title>loading the link</title>
                            <attachments/>
                            <steps/>
                        </step>
                    </steps>
                </step>
                <step start='1644231931001' status='passed' stop='1644231931841'>
                    <name>When user is on registration and enters contact information</name>
                    <title>When user is on registration and enters contact information</title>
                    <attachments>
                        <attachment title='Screenshot' source='e4de73e9-1a1b-4884-aaee-ebe2ee6fd4e1-attachment.png' type='image/png' size='163409'/>
                    </attachments>
                    <steps>
                        <step start='1644231931588' status='passed' stop='1644231931588'>
                            <name>added my details</name>
                            <title>added my details</title>
                            <attachments/>
                            <steps/>
                        </step>
                    </steps>
                </step>
                <step start='1644231931841' status='broken' stop='1644231932263'>
                    <name>And user enters mailing information</name>
                    <title>And user enters mailing information</title>
                    <attachments/>
                    <steps/>
                </step>
            </steps>
            <attachments/>
            <failure>
                <message>TypeError: Cannot read properties of undefined (reading 'setValue')</message>
                <stack-trace>TypeError: Cannot read properties of undefined (reading 'setValue')
                    at C:\Users\Hp\Desktop\webdriverIO Final\features\step-definitions\demosteps.ts:29:38
                    at step (C:\Users\Hp\Desktop\webdriverIO Final\features\step-definitions\demosteps.ts:33:23)
                    at Object.next (C:\Users\Hp\Desktop\webdriverIO Final\features\step-definitions\demosteps.ts:14:53)
                    at fulfilled (C:\Users\Hp\Desktop\webdriverIO Final\features\step-definitions\demosteps.ts:5:58)
                    at processTicksAndRejections (node:internal/process/task_queues:96:5)</stack-trace>
            </failure>
        </test-case>
        <test-case start='1644231932266' status='broken' stop='1644231942311'>
            <name>User wants to login the site</name>
            <title>User wants to login the site</title>
            <labels>
                <label name='language' value='javascript'/>
                <label name='framework' value='wdio'/>
                <label name='thread' value='0-0'/>
            </labels>
            <parameters>
                <parameter kind='argument' name='browser' value='chrome-97.0.4692.99'/>
            </parameters>
            <steps>
                <step start='1644231932267' status='broken' stop='1644231942311'>
                    <name>Given user is on the login page</name>
                    <title>Given user is on the login page</title>
                    <attachments/>
                    <steps/>
                </step>
            </steps>
            <attachments/>
            <failure>
                <message>Error: Can't call click on element with selector "=sign-in" because element wasn't found</message>
                <stack-trace>Error: Can't call click on element with selector "=sign-in" because element wasn't found
                    at implicitWait (C:\Users\Hp\Desktop\webdriverIO Final\node_modules\@wdio\runner\node_modules\webdriverio\build\utils\implicitWait.js:34:19)
                    at async Element.elementErrorHandlerCallbackFn (C:\Users\Hp\Desktop\webdriverIO Final\node_modules\@wdio\runner\node_modules\webdriverio\build\middlewares.js:20:29)
                    at async Element.wrapCommandFn (C:\Users\Hp\Desktop\webdriverIO Final\node_modules\@wdio\runner\node_modules\@wdio\utils\build\shim.js:131:29)</stack-trace>
            </failure>
        </test-case>
    </test-cases>
</ns2:test-suite>