<?xml version='1.0'?>
<ns2:test-suite xmlns:ns2='urn:model.allure.qatools.yandex.ru' start='1644231624218' stop='1644231653197'>
    <name>User want to test demotours</name>
    <title>User want to test demotours</title>
    <test-cases>
        <test-case start='1644231624280' status='broken' stop='1644231643115'>
            <name>User wants to register in the site</name>
            <title>User wants to register in the site</title>
            <labels>
                <label name='language' value='javascript'/>
                <label name='framework' value='wdio'/>
                <label name='thread' value='0-0'/>
            </labels>
            <parameters>
                <parameter kind='argument' name='browser' value='chrome-97.0.4692.99'/>
            </parameters>
            <steps>
                <step start='1644231624286' status='passed' stop='1644231631621'>
                    <name>Given User is on Home page of new tours</name>
                    <title>Given User is on Home page of new tours</title>
                    <attachments>
                        <attachment title='Screenshot' source='f4634e5a-3444-415f-8143-c09bc27eb3f2-attachment.png' type='image/png' size='157867'/>
                    </attachments>
                    <steps>
                        <step start='1644231629819' status='passed' stop='1644231629819'>
                            <name>maximizing window</name>
                            <title>maximizing window</title>
                            <attachments/>
                            <steps/>
                        </step>
                        <step start='1644231631397' status='passed' stop='1644231631397'>
                            <name>loading the link</name>
                            <title>loading the link</title>
                            <attachments/>
                            <steps/>
                        </step>
                    </steps>
                </step>
                <step start='1644231631621' status='passed' stop='1644231632614'>
                    <name>When user is on registration and enters contact information</name>
                    <title>When user is on registration and enters contact information</title>
                    <attachments>
                        <attachment title='Screenshot' source='cb7effdd-6e9f-4098-9e67-6c7d411a54cf-attachment.png' type='image/png' size='163409'/>
                    </attachments>
                    <steps>
                        <step start='1644231632373' status='passed' stop='1644231632373'>
                            <name>added my details</name>
                            <title>added my details</title>
                            <attachments/>
                            <steps/>
                        </step>
                    </steps>
                </step>
                <step start='1644231632615' status='broken' stop='1644231643114'>
                    <name>And user enters mailing information</name>
                    <title>And user enters mailing information</title>
                    <attachments/>
                    <steps/>
                </step>
            </steps>
            <attachments/>
            <failure>
                <message>Error: Can't call setValue on element with selector "[name="postalcode"]" because element wasn't found</message>
                <stack-trace>Error: Can't call setValue on element with selector "[name="postalcode"]" because element wasn't found
                    at implicitWait (C:\Users\Hp\Desktop\webdriverIO Final\node_modules\@wdio\runner\node_modules\webdriverio\build\utils\implicitWait.js:34:19)
                    at async Element.elementErrorHandlerCallbackFn (C:\Users\Hp\Desktop\webdriverIO Final\node_modules\@wdio\runner\node_modules\webdriverio\build\middlewares.js:20:29)
                    at async Element.wrapCommandFn (C:\Users\Hp\Desktop\webdriverIO Final\node_modules\@wdio\runner\node_modules\@wdio\utils\build\shim.js:131:29)</stack-trace>
            </failure>
        </test-case>
        <test-case start='1644231643118' status='broken' stop='1644231653183'>
            <name>User wants to login the site</name>
            <title>User wants to login the site</title>
            <labels>
                <label name='language' value='javascript'/>
                <label name='framework' value='wdio'/>
                <label name='thread' value='0-0'/>
            </labels>
            <parameters>
                <parameter kind='argument' name='browser' value='chrome-97.0.4692.99'/>
            </parameters>
            <steps>
                <step start='1644231643119' status='broken' stop='1644231653183'>
                    <name>Given user is on the login page</name>
                    <title>Given user is on the login page</title>
                    <attachments/>
                    <steps/>
                </step>
            </steps>
            <attachments/>
            <failure>
                <message>Error: Can't call click on element with selector "=sign-in" because element wasn't found</message>
                <stack-trace>Error: Can't call click on element with selector "=sign-in" because element wasn't found
                    at implicitWait (C:\Users\Hp\Desktop\webdriverIO Final\node_modules\@wdio\runner\node_modules\webdriverio\build\utils\implicitWait.js:34:19)
                    at async Element.elementErrorHandlerCallbackFn (C:\Users\Hp\Desktop\webdriverIO Final\node_modules\@wdio\runner\node_modules\webdriverio\build\middlewares.js:20:29)
                    at async Element.wrapCommandFn (C:\Users\Hp\Desktop\webdriverIO Final\node_modules\@wdio\runner\node_modules\@wdio\utils\build\shim.js:131:29)</stack-trace>
            </failure>
        </test-case>
    </test-cases>
</ns2:test-suite>